<?xml version="1.0" encoding="UTF-8"?>
<!-- Generated by org.testng.reporters.JUnitReportReporter -->
<testsuite skipped="0" hostname="Rajesh-PC" name="com.Actitime.testCases.TC_CreateCustTest_003" tests="1" failures="0" timestamp="26 Feb 2019 13:52:14 GMT" time="9.666" errors="0">
  <testcase name="createCustomer" time="9.666" classname="com.Actitime.testCases.TC_CreateCustTest_003"/>
</testsuite> <!-- com.Actitime.testCases.TC_CreateCustTest_003 -->
