<?xml version="1.0" encoding="UTF-8"?>
<!-- Generated by org.testng.reporters.JUnitReportReporter -->
<testsuite skipped="0" hostname="Rajesh-PC" name="com.Actitime.testCases.TC_LoginTest_001" tests="1" failures="0" timestamp="27 Feb 2019 19:01:21 GMT" time="7.791" errors="0">
  <testcase name="loginTest" time="7.791" classname="com.Actitime.testCases.TC_LoginTest_001"/>
</testsuite> <!-- com.Actitime.testCases.TC_LoginTest_001 -->
